Arguments: 
  /usr/local/bin/node /usr/local/bin/yarn add -D promise-aplus-tests

PATH: 
  /Users/chenrixi/flutter/bin:/usr/local/bin:/usr/bin:/bin:/usr/sbin:/sbin:/Library/Apple/usr/bin

Yarn version: 
  1.21.1

Node version: 
  13.7.0

Platform: 
  darwin x64

Trace: 
  Error: https://registry.npm.taobao.org/promise-aplus-tests: Not found
      at Request.params.callback [as _callback] (/usr/local/lib/node_modules/yarn/lib/cli.js:66947:18)
      at Request.self.callback (/usr/local/lib/node_modules/yarn/lib/cli.js:140665:22)
      at Request.emit (events.js:321:20)
      at Request.<anonymous> (/usr/local/lib/node_modules/yarn/lib/cli.js:141637:10)
      at Request.emit (events.js:321:20)
      at IncomingMessage.<anonymous> (/usr/local/lib/node_modules/yarn/lib/cli.js:141559:12)
      at Object.onceWrapper (events.js:427:28)
      at IncomingMessage.emit (events.js:333:22)
      at endReadableNT (_stream_readable.js:1201:12)
      at processTicksAndRejections (internal/process/task_queues.js:84:21)

npm manifest: 
  No manifest

yarn manifest: 
  No manifest

Lockfile: 
  No lockfile
